# JRE version: Java(TM) SE Runtime Environment (8.0_201-b09) (build 1.8.0_201-b09)
# Java VM: Java HotSpot(TM) 64-Bit Server VM (25.201-b09 mixed mode windows-amd64 compressed oops)
Heap:
 PSYoungGen      total 226304K, used 47160K [0x0000000780700000, 0x000000078fb80000, 0x00000007c0000000)
  eden space 211456K, 15% used [0x0000000780700000,0x0000000782694108,0x000000078d580000)
  from space 14848K, 99% used [0x000000078ed00000,0x000000078fb79f68,0x000000078fb80000)
  to   space 17408K, 0% used [0x000000078d980000,0x000000078d980000,0x000000078ea80000)
 ParOldGen       total 102400K, used 17487K [0x0000000701400000, 0x0000000707800000, 0x0000000780700000)
  object space 102400K, 17% used [0x0000000701400000,0x0000000702513da0,0x0000000707800000)
 Metaspace       used 51079K, capacity 54004K, committed 54312K, reserved 1095680K
  class space    used 6786K, capacity 7369K, committed 7464K, reserved 1048576K
GC Heap History (10 events):
Event: 9.587 GC heap before
{Heap before GC invocations=6 (full 1):
 PSYoungGen      total 88064K, used 87935K [0x0000000780700000, 0x0000000787300000, 0x00000007c0000000)
  eden space 83968K, 100% used [0x0000000780700000,0x0000000785900000,0x0000000785900000)
  from space 4096K, 96% used [0x0000000786f00000,0x00000007872dfcc8,0x0000000787300000)
  to   space 8192K, 0% used [0x0000000786300000,0x0000000786300000,0x0000000786b00000)
 ParOldGen       total 70656K, used 7185K [0x0000000701400000, 0x0000000705900000, 0x0000000780700000)
  object space 70656K, 10% used [0x0000000701400000,0x0000000701b045d0,0x0000000705900000)
 Metaspace       used 30102K, capacity 31354K, committed 31616K, reserved 1077248K
  class space    used 3914K, capacity 4187K, committed 4224K, reserved 1048576K
Event: 9.599 GC heap after
Heap after GC invocations=6 (full 1):
 PSYoungGen      total 102400K, used 8172K [0x0000000780700000, 0x000000078a700000, 0x00000007c0000000)
  eden space 94208K, 0% used [0x0000000780700000,0x0000000780700000,0x0000000786300000)
  from space 8192K, 99% used [0x0000000786300000,0x0000000786afb390,0x0000000786b00000)
  to   space 12288K, 0% used [0x0000000789b00000,0x0000000789b00000,0x000000078a700000)
 ParOldGen       total 70656K, used 8902K [0x0000000701400000, 0x0000000705900000, 0x0000000780700000)
  object space 70656K, 12% used [0x0000000701400000,0x0000000701cb1ba0,0x0000000705900000)
 Metaspace       used 30102K, capacity 31354K, committed 31616K, reserved 1077248K
  class space    used 3914K, capacity 4187K, committed 4224K, reserved 1048576K
}
Event: 10.479 GC heap before
{Heap before GC invocations=7 (full 1):
 PSYoungGen      total 102400K, used 89840K [0x0000000780700000, 0x000000078a700000, 0x00000007c0000000)
  eden space 94208K, 86% used [0x0000000780700000,0x00000007856c0fc0,0x0000000786300000)
  from space 8192K, 99% used [0x0000000786300000,0x0000000786afb390,0x0000000786b00000)
  to   space 12288K, 0% used [0x0000000789b00000,0x0000000789b00000,0x000000078a700000)
 ParOldGen       total 70656K, used 8902K [0x0000000701400000, 0x0000000705900000, 0x0000000780700000)
  object space 70656K, 12% used [0x0000000701400000,0x0000000701cb1ba0,0x0000000705900000)
 Metaspace       used 34138K, capacity 35458K, committed 35496K, reserved 1079296K
  class space    used 4461K, capacity 4773K, committed 4776K, reserved 1048576K
Event: 10.488 GC heap after
Heap after GC invocations=7 (full 1):
 PSYoungGen      total 150528K, used 10482K [0x0000000780700000, 0x000000078b800000, 0x00000007c0000000)
  eden space 138240K, 0% used [0x0000000780700000,0x0000000780700000,0x0000000788e00000)
  from space 12288K, 85% used [0x0000000789b00000,0x000000078a53cb30,0x000000078a700000)
  to   space 13312K, 0% used [0x0000000788e00000,0x0000000788e00000,0x0000000789b00000)
 ParOldGen       total 70656K, used 8910K [0x0000000701400000, 0x0000000705900000, 0x0000000780700000)
  object space 70656K, 12% used [0x0000000701400000,0x0000000701cb3ba0,0x0000000705900000)
 Metaspace       used 34138K, capacity 35458K, committed 35496K, reserved 1079296K
  class space    used 4461K, capacity 4773K, committed 4776K, reserved 1048576K
}
Event: 10.488 GC heap before
{Heap before GC invocations=8 (full 2):
 PSYoungGen      total 150528K, used 10482K [0x0000000780700000, 0x000000078b800000, 0x00000007c0000000)
  eden space 138240K, 0% used [0x0000000780700000,0x0000000780700000,0x0000000788e00000)
  from space 12288K, 85% used [0x0000000789b00000,0x000000078a53cb30,0x000000078a700000)
  to   space 13312K, 0% used [0x0000000788e00000,0x0000000788e00000,0x0000000789b00000)
 ParOldGen       total 70656K, used 8910K [0x0000000701400000, 0x0000000705900000, 0x0000000780700000)
  object space 70656K, 12% used [0x0000000701400000,0x0000000701cb3ba0,0x0000000705900000)
 Metaspace       used 34138K, capacity 35458K, committed 35496K, reserved 1079296K
  class space    used 4461K, capacity 4773K, committed 4776K, reserved 1048576K
Event: 10.539 GC heap after
Heap after GC invocations=8 (full 2):
 PSYoungGen      total 150528K, used 0K [0x0000000780700000, 0x000000078b800000, 0x00000007c0000000)
  eden space 138240K, 0% used [0x0000000780700000,0x0000000780700000,0x0000000788e00000)
  from space 12288K, 0% used [0x0000000789b00000,0x0000000789b00000,0x000000078a700000)
  to   space 13312K, 0% used [0x0000000788e00000,0x0000000788e00000,0x0000000789b00000)
 ParOldGen       total 102400K, used 15578K [0x0000000701400000, 0x0000000707800000, 0x0000000780700000)
  object space 102400K, 15% used [0x0000000701400000,0x0000000702336a28,0x0000000707800000)
 Metaspace       used 34138K, capacity 35458K, committed 35496K, reserved 1079296K
  class space    used 4461K, capacity 4773K, committed 4776K, reserved 1048576K
}
Event: 13.141 GC heap before
{Heap before GC invocations=9 (full 2):
 PSYoungGen      total 150528K, used 138240K [0x0000000780700000, 0x000000078b800000, 0x00000007c0000000)
  eden space 138240K, 100% used [0x0000000780700000,0x0000000788e00000,0x0000000788e00000)
  from space 12288K, 0% used [0x0000000789b00000,0x0000000789b00000,0x000000078a700000)
  to   space 13312K, 0% used [0x0000000788e00000,0x0000000788e00000,0x0000000789b00000)
 ParOldGen       total 102400K, used 15578K [0x0000000701400000, 0x0000000707800000, 0x0000000780700000)
  object space 102400K, 15% used [0x0000000701400000,0x0000000702336a28,0x0000000707800000)
 Metaspace       used 43035K, capacity 45154K, committed 45352K, reserved 1089536K
  class space    used 5694K, capacity 6137K, committed 6184K, reserved 1048576K
Event: 13.157 GC heap after
Heap after GC invocations=9 (full 2):
 PSYoungGen      total 151552K, used 12644K [0x0000000780700000, 0x000000078fb80000, 0x00000007c0000000)
  eden space 138240K, 0% used [0x0000000780700000,0x0000000780700000,0x0000000788e00000)
  from space 13312K, 94% used [0x0000000788e00000,0x0000000789a59068,0x0000000789b00000)
  to   space 14848K, 0% used [0x000000078ed00000,0x000000078ed00000,0x000000078fb80000)
 ParOldGen       total 102400K, used 15578K [0x0000000701400000, 0x0000000707800000, 0x0000000780700000)
  object space 102400K, 15% used [0x0000000701400000,0x0000000702336a28,0x0000000707800000)
 Metaspace       used 43035K, capacity 45154K, committed 45352K, reserved 1089536K
  class space    used 5694K, capacity 6137K, committed 6184K, reserved 1048576K
}
Event: 32.410 GC heap before
{Heap before GC invocations=10 (full 2):
 PSYoungGen      total 151552K, used 150884K [0x0000000780700000, 0x000000078fb80000, 0x00000007c0000000)
  eden space 138240K, 100% used [0x0000000780700000,0x0000000788e00000,0x0000000788e00000)
  from space 13312K, 94% used [0x0000000788e00000,0x0000000789a59068,0x0000000789b00000)
  to   space 14848K, 0% used [0x000000078ed00000,0x000000078ed00000,0x000000078fb80000)
 ParOldGen       total 102400K, used 15578K [0x0000000701400000, 0x0000000707800000, 0x0000000780700000)
  object space 102400K, 15% used [0x0000000701400000,0x0000000702336a28,0x0000000707800000)
 Metaspace       used 49600K, capacity 52424K, committed 52776K, reserved 1095680K
  class space    used 6593K, capacity 7139K, committed 7208K, reserved 1048576K
Event: 32.424 GC heap after
Heap after GC invocations=10 (full 2):
 PSYoungGen      total 226304K, used 14823K [0x0000000780700000, 0x000000078fb80000, 0x00000007c0000000)
  eden space 211456K, 0% used [0x0000000780700000,0x0000000780700000,0x000000078d580000)
  from space 14848K, 99% used [0x000000078ed00000,0x000000078fb79f68,0x000000078fb80000)
  to   space 17408K, 0% used [0x000000078d980000,0x000000078d980000,0x000000078ea80000)
 ParOldGen       total 102400K, used 17487K [0x0000000701400000, 0x0000000707800000, 0x0000000780700000)
  object space 102400K, 17% used [0x0000000701400000,0x0000000702513da0,0x0000000707800000)
 Metaspace       used 49600K, capacity 52424K, committed 52776K, reserved 1095680K
  class space    used 6593K, capacity 7139K, committed 7208K, reserved 1048576K
}

